<?xml version="1.0"?>
<testsuites>
  <testsuite name="MonoXunit.Tests.RandomTest" tests="2" time="7.773" failures="0" errors="0" skipped="0">
    <testcase classname="MonoXunit.Tests.RandomTest" name="Length_Is_Ok" time="5.559"/>
    <testcase classname="MonoXunit.Tests.RandomTest" name="String_Is_Not_Null" time="2.214"/>
  </testsuite>
</testsuites>
